<?xml version="1.0" encoding="UTF-8"?>
<!-- Generated by org.testng.reporters.JUnitReportReporter -->
<testsuite hostname="Abdurrahman" failures="0" tests="3" name="parallel.FailedRun" time="74.136" errors="1" timestamp="13 Dec 2022 09:19:55 GMT" skipped="0">
  <testcase classname="parallel.FailedRun" name="runScenario" time="17.738">
    <error message="Cannot invoke &quot;com.pages.LoginPage.ishelpinkExist()&quot; because &quot;this.loginPage&quot; is null" type="java.lang.NullPointerException">
      <![CDATA[java.lang.NullPointerException: Cannot invoke "com.pages.LoginPage.ishelpinkExist()" because "this.loginPage" is null
at parallel.loginPageSteps.yardıma_mı_ihtiyacınız_var_link_should_be_displayed(loginPageSteps.java:53)
at ✽.yardıma mı ihtiyacınız var link should be displayed(classpath:parallel/Login.feature:12)
]]>
    </error>
  </testcase> <!-- runScenario -->
  <testcase classname="parallel.FailedRun" name="runScenario" time="19.325"/>
  <testcase classname="parallel.FailedRun" name="runScenario" time="37.073"/>
</testsuite> <!-- parallel.FailedRun -->
