<?xml version="1.0" encoding="UTF-8"?>
<!-- Generated by org.testng.reporters.JUnitReportReporter -->
<testsuite hostname="Abdurrahman" failures="0" tests="3" name="parallel.parallelRun" time="79.053" errors="0" timestamp="13 Dec 2022 13:48:05 GMT" skipped="0">
  <testcase classname="parallel.parallelRun" name="runScenario" time="38.507"/>
  <testcase classname="parallel.parallelRun" name="runScenario" time="20.775"/>
  <testcase classname="parallel.parallelRun" name="runScenario" time="19.771"/>
</testsuite> <!-- parallel.parallelRun -->
